<?xml version="1.0" encoding="UTF-8" standalone="no"?>
<!DOCTYPE log SYSTEM "logger.dtd">
<log>
<record>
  <date>2024-02-23T10:39:57.572-0300</date>
  <logger>FABIO DE ARAUJO LEITE MEDEIROS</logger>
  <level>FINE</level>
  <message>File 122110391-FABIO DE ARAUJO LEITE MEDEIROS.zip was received. It was sent by FABIO DE ARAUJO LEITE MEDEIROS from IP 150.165.74.54 at 23-02-2024 10*39*57</message>
</record>
</log>
<?xml version="1.0" encoding="UTF-8" standalone="no"?>
<!DOCTYPE log SYSTEM "logger.dtd">
<log>
<record>
  <date>2024-02-23T10:41:07.903-0300</date>
  <logger>FABIO DE ARAUJO LEITE MEDEIROS</logger>
  <level>FINE</level>
  <message>File 122110391-FABIO DE ARAUJO LEITE MEDEIROS.zip was received. It was sent by FABIO DE ARAUJO LEITE MEDEIROS from IP 150.165.74.54 at 23-02-2024 10*41*07</message>
</record>
</log>
<?xml version="1.0" encoding="UTF-8" standalone="no"?>
<!DOCTYPE log SYSTEM "logger.dtd">
<log>
<record>
  <date>2024-02-23T17:23:10.035-0300</date>
  <logger>FABIO DE ARAUJO LEITE MEDEIROS</logger>
  <level>FINE</level>
  <message>File 122110391-FABIO DE ARAUJO LEITE MEDEIROS.zip was received. It was sent by FABIO DE ARAUJO LEITE MEDEIROS from IP 192.168.15.9 at 23-02-2024 17*23*10</message>
</record>
</log>
<?xml version="1.0" encoding="UTF-8" standalone="no"?>
<!DOCTYPE log SYSTEM "logger.dtd">
<log>
<record>
  <date>2024-02-29T19:55:50.721-0300</date>
  <logger>FABIO DE ARAUJO LEITE MEDEIROS</logger>
  <level>FINE</level>
  <message>File 122110391-FABIO DE ARAUJO LEITE MEDEIROS.zip was received. It was sent by FABIO DE ARAUJO LEITE MEDEIROS from IP 192.168.15.9 at 29-02-2024 19*55*50</message>
</record>
